CRITICAL - 2021-11-08 02:59:50 --> Call to undefined method CodeIgniter\View\View::asset()
#0 C:\xampp\htdocs\cobacoba\vendor\codeigniter4\framework\system\View\View.php(214): include()
#1 C:\xampp\htdocs\cobacoba\vendor\codeigniter4\framework\system\View\View.php(217): CodeIgniter\View\View->CodeIgniter\View\{closure}()
#2 C:\xampp\htdocs\cobacoba\vendor\codeigniter4\framework\system\Common.php(1092): CodeIgniter\View\View->render('home', Array, true)
#3 C:\xampp\htdocs\cobacoba\app\Controllers\Home.php(9): view('home')
#4 C:\xampp\htdocs\cobacoba\vendor\codeigniter4\framework\system\CodeIgniter.php(802): App\Controllers\Home->index()
#5 C:\xampp\htdocs\cobacoba\vendor\codeigniter4\framework\system\CodeIgniter.php(399): CodeIgniter\CodeIgniter->runController(Object(App\Controllers\Home))
#6 C:\xampp\htdocs\cobacoba\vendor\codeigniter4\framework\system\CodeIgniter.php(317): CodeIgniter\CodeIgniter->handleRequest(NULL, Object(Config\Cache), false)
#7 C:\xampp\htdocs\cobacoba\public\index.php(37): CodeIgniter\CodeIgniter->run()
#8 C:\xampp\htdocs\cobacoba\vendor\codeigniter4\framework\system\Commands\Server\rewrite.php(43): require_once('C:\\xampp\\htdocs...')
#9 {main}
CRITICAL - 2021-11-08 03:17:52 --> Invalid file: home.php
#0 C:\xampp\htdocs\cobacoba\vendor\codeigniter4\framework\system\View\View.php(198): CodeIgniter\Exceptions\FrameworkException::forInvalidFile('home.php')
#1 C:\xampp\htdocs\cobacoba\vendor\codeigniter4\framework\system\Common.php(1092): CodeIgniter\View\View->render('home', Array, true)
#2 C:\xampp\htdocs\cobacoba\app\Controllers\Home.php(9): view('home')
#3 C:\xampp\htdocs\cobacoba\vendor\codeigniter4\framework\system\CodeIgniter.php(802): App\Controllers\Home->index()
#4 C:\xampp\htdocs\cobacoba\vendor\codeigniter4\framework\system\CodeIgniter.php(399): CodeIgniter\CodeIgniter->runController(Object(App\Controllers\Home))
#5 C:\xampp\htdocs\cobacoba\vendor\codeigniter4\framework\system\CodeIgniter.php(317): CodeIgniter\CodeIgniter->handleRequest(NULL, Object(Config\Cache), false)
#6 C:\xampp\htdocs\cobacoba\public\index.php(37): CodeIgniter\CodeIgniter->run()
#7 C:\xampp\htdocs\cobacoba\vendor\codeigniter4\framework\system\Commands\Server\rewrite.php(43): require_once('C:\\xampp\\htdocs...')
#8 {main}
CRITICAL - 2021-11-08 03:28:22 --> Invalid file: templates/topbar.php
#0 C:\xampp\htdocs\cobacoba\vendor\codeigniter4\framework\system\View\View.php(198): CodeIgniter\Exceptions\FrameworkException::forInvalidFile('templates/topba...')
#1 C:\xampp\htdocs\cobacoba\vendor\codeigniter4\framework\system\View\View.php(432): CodeIgniter\View\View->render('templates/topba...', NULL, true)
#2 C:\xampp\htdocs\cobacoba\app\Views\home\index.php(1): CodeIgniter\View\View->include('templates/topba...')
#3 C:\xampp\htdocs\cobacoba\vendor\codeigniter4\framework\system\View\View.php(214): include('C:\\xampp\\htdocs...')
#4 C:\xampp\htdocs\cobacoba\vendor\codeigniter4\framework\system\View\View.php(217): CodeIgniter\View\View->CodeIgniter\View\{closure}()
#5 C:\xampp\htdocs\cobacoba\vendor\codeigniter4\framework\system\Common.php(1092): CodeIgniter\View\View->render('home/index', Array, true)
#6 C:\xampp\htdocs\cobacoba\app\Controllers\Home.php(9): view('home/index')
#7 C:\xampp\htdocs\cobacoba\vendor\codeigniter4\framework\system\CodeIgniter.php(802): App\Controllers\Home->index()
#8 C:\xampp\htdocs\cobacoba\vendor\codeigniter4\framework\system\CodeIgniter.php(399): CodeIgniter\CodeIgniter->runController(Object(App\Controllers\Home))
#9 C:\xampp\htdocs\cobacoba\vendor\codeigniter4\framework\system\CodeIgniter.php(317): CodeIgniter\CodeIgniter->handleRequest(NULL, Object(Config\Cache), false)
#10 C:\xampp\htdocs\cobacoba\public\index.php(37): CodeIgniter\CodeIgniter->run()
#11 C:\xampp\htdocs\cobacoba\vendor\codeigniter4\framework\system\Commands\Server\rewrite.php(43): require_once('C:\\xampp\\htdocs...')
#12 {main}
CRITICAL - 2021-11-08 03:28:24 --> Invalid file: templates/topbar.php
#0 C:\xampp\htdocs\cobacoba\vendor\codeigniter4\framework\system\View\View.php(198): CodeIgniter\Exceptions\FrameworkException::forInvalidFile('templates/topba...')
#1 C:\xampp\htdocs\cobacoba\vendor\codeigniter4\framework\system\View\View.php(432): CodeIgniter\View\View->render('templates/topba...', NULL, true)
#2 C:\xampp\htdocs\cobacoba\app\Views\home\index.php(1): CodeIgniter\View\View->include('templates/topba...')
#3 C:\xampp\htdocs\cobacoba\vendor\codeigniter4\framework\system\View\View.php(214): include('C:\\xampp\\htdocs...')
#4 C:\xampp\htdocs\cobacoba\vendor\codeigniter4\framework\system\View\View.php(217): CodeIgniter\View\View->CodeIgniter\View\{closure}()
#5 C:\xampp\htdocs\cobacoba\vendor\codeigniter4\framework\system\Common.php(1092): CodeIgniter\View\View->render('home/index', Array, true)
#6 C:\xampp\htdocs\cobacoba\app\Controllers\Home.php(9): view('home/index')
#7 C:\xampp\htdocs\cobacoba\vendor\codeigniter4\framework\system\CodeIgniter.php(802): App\Controllers\Home->index()
#8 C:\xampp\htdocs\cobacoba\vendor\codeigniter4\framework\system\CodeIgniter.php(399): CodeIgniter\CodeIgniter->runController(Object(App\Controllers\Home))
#9 C:\xampp\htdocs\cobacoba\vendor\codeigniter4\framework\system\CodeIgniter.php(317): CodeIgniter\CodeIgniter->handleRequest(NULL, Object(Config\Cache), false)
#10 C:\xampp\htdocs\cobacoba\public\index.php(37): CodeIgniter\CodeIgniter->run()
#11 C:\xampp\htdocs\cobacoba\vendor\codeigniter4\framework\system\Commands\Server\rewrite.php(43): require_once('C:\\xampp\\htdocs...')
#12 {main}
CRITICAL - 2021-11-08 03:30:42 --> Invalid file: templates/topbar.php
#0 C:\xampp\htdocs\cobacoba\vendor\codeigniter4\framework\system\View\View.php(198): CodeIgniter\Exceptions\FrameworkException::forInvalidFile('templates/topba...')
#1 C:\xampp\htdocs\cobacoba\vendor\codeigniter4\framework\system\View\View.php(432): CodeIgniter\View\View->render('templates/topba...', NULL, true)
#2 C:\xampp\htdocs\cobacoba\app\Views\home\index.php(1): CodeIgniter\View\View->include('templates/topba...')
#3 C:\xampp\htdocs\cobacoba\vendor\codeigniter4\framework\system\View\View.php(214): include('C:\\xampp\\htdocs...')
#4 C:\xampp\htdocs\cobacoba\vendor\codeigniter4\framework\system\View\View.php(217): CodeIgniter\View\View->CodeIgniter\View\{closure}()
#5 C:\xampp\htdocs\cobacoba\vendor\codeigniter4\framework\system\Common.php(1092): CodeIgniter\View\View->render('home/index', Array, true)
#6 C:\xampp\htdocs\cobacoba\app\Controllers\Home.php(9): view('home/index')
#7 C:\xampp\htdocs\cobacoba\vendor\codeigniter4\framework\system\CodeIgniter.php(802): App\Controllers\Home->index()
#8 C:\xampp\htdocs\cobacoba\vendor\codeigniter4\framework\system\CodeIgniter.php(399): CodeIgniter\CodeIgniter->runController(Object(App\Controllers\Home))
#9 C:\xampp\htdocs\cobacoba\vendor\codeigniter4\framework\system\CodeIgniter.php(317): CodeIgniter\CodeIgniter->handleRequest(NULL, Object(Config\Cache), false)
#10 C:\xampp\htdocs\cobacoba\public\index.php(37): CodeIgniter\CodeIgniter->run()
#11 C:\xampp\htdocs\cobacoba\vendor\codeigniter4\framework\system\Commands\Server\rewrite.php(43): require_once('C:\\xampp\\htdocs...')
#12 {main}
CRITICAL - 2021-11-08 03:32:24 --> Invalid file: templates/topbar.php
#0 C:\xampp\htdocs\cobacoba\vendor\codeigniter4\framework\system\View\View.php(198): CodeIgniter\Exceptions\FrameworkException::forInvalidFile('templates/topba...')
#1 C:\xampp\htdocs\cobacoba\vendor\codeigniter4\framework\system\View\View.php(432): CodeIgniter\View\View->render('templates/topba...', NULL, true)
#2 C:\xampp\htdocs\cobacoba\app\Views\home\index.php(1): CodeIgniter\View\View->include('templates/topba...')
#3 C:\xampp\htdocs\cobacoba\vendor\codeigniter4\framework\system\View\View.php(214): include('C:\\xampp\\htdocs...')
#4 C:\xampp\htdocs\cobacoba\vendor\codeigniter4\framework\system\View\View.php(217): CodeIgniter\View\View->CodeIgniter\View\{closure}()
#5 C:\xampp\htdocs\cobacoba\vendor\codeigniter4\framework\system\Common.php(1092): CodeIgniter\View\View->render('home/index', Array, true)
#6 C:\xampp\htdocs\cobacoba\app\Controllers\Home.php(9): view('home/index')
#7 C:\xampp\htdocs\cobacoba\vendor\codeigniter4\framework\system\CodeIgniter.php(802): App\Controllers\Home->index()
#8 C:\xampp\htdocs\cobacoba\vendor\codeigniter4\framework\system\CodeIgniter.php(399): CodeIgniter\CodeIgniter->runController(Object(App\Controllers\Home))
#9 C:\xampp\htdocs\cobacoba\vendor\codeigniter4\framework\system\CodeIgniter.php(317): CodeIgniter\CodeIgniter->handleRequest(NULL, Object(Config\Cache), false)
#10 C:\xampp\htdocs\cobacoba\public\index.php(37): CodeIgniter\CodeIgniter->run()
#11 C:\xampp\htdocs\cobacoba\vendor\codeigniter4\framework\system\Commands\Server\rewrite.php(43): require_once('C:\\xampp\\htdocs...')
#12 {main}
CRITICAL - 2021-11-08 03:33:33 --> Invalid file: templates/topbar.php
#0 C:\xampp\htdocs\cobacoba\vendor\codeigniter4\framework\system\View\View.php(198): CodeIgniter\Exceptions\FrameworkException::forInvalidFile('templates/topba...')
#1 C:\xampp\htdocs\cobacoba\vendor\codeigniter4\framework\system\View\View.php(432): CodeIgniter\View\View->render('templates/topba...', NULL, true)
#2 C:\xampp\htdocs\cobacoba\app\Views\home\index.php(1): CodeIgniter\View\View->include('templates/topba...')
#3 C:\xampp\htdocs\cobacoba\vendor\codeigniter4\framework\system\View\View.php(214): include('C:\\xampp\\htdocs...')
#4 C:\xampp\htdocs\cobacoba\vendor\codeigniter4\framework\system\View\View.php(217): CodeIgniter\View\View->CodeIgniter\View\{closure}()
#5 C:\xampp\htdocs\cobacoba\vendor\codeigniter4\framework\system\Common.php(1092): CodeIgniter\View\View->render('home/index', Array, true)
#6 C:\xampp\htdocs\cobacoba\app\Controllers\Home.php(9): view('home/index')
#7 C:\xampp\htdocs\cobacoba\vendor\codeigniter4\framework\system\CodeIgniter.php(802): App\Controllers\Home->index()
#8 C:\xampp\htdocs\cobacoba\vendor\codeigniter4\framework\system\CodeIgniter.php(399): CodeIgniter\CodeIgniter->runController(Object(App\Controllers\Home))
#9 C:\xampp\htdocs\cobacoba\vendor\codeigniter4\framework\system\CodeIgniter.php(317): CodeIgniter\CodeIgniter->handleRequest(NULL, Object(Config\Cache), false)
#10 C:\xampp\htdocs\cobacoba\public\index.php(37): CodeIgniter\CodeIgniter->run()
#11 C:\xampp\htdocs\cobacoba\vendor\codeigniter4\framework\system\Commands\Server\rewrite.php(43): require_once('C:\\xampp\\htdocs...')
#12 {main}
CRITICAL - 2021-11-08 03:34:23 --> Call to undefined method CodeIgniter\View\View::extends()
#0 C:\xampp\htdocs\cobacoba\vendor\codeigniter4\framework\system\View\View.php(214): include()
#1 C:\xampp\htdocs\cobacoba\vendor\codeigniter4\framework\system\View\View.php(217): CodeIgniter\View\View->CodeIgniter\View\{closure}()
#2 C:\xampp\htdocs\cobacoba\vendor\codeigniter4\framework\system\Common.php(1092): CodeIgniter\View\View->render('home/index', Array, true)
#3 C:\xampp\htdocs\cobacoba\app\Controllers\Home.php(9): view('home/index')
#4 C:\xampp\htdocs\cobacoba\vendor\codeigniter4\framework\system\CodeIgniter.php(802): App\Controllers\Home->index()
#5 C:\xampp\htdocs\cobacoba\vendor\codeigniter4\framework\system\CodeIgniter.php(399): CodeIgniter\CodeIgniter->runController(Object(App\Controllers\Home))
#6 C:\xampp\htdocs\cobacoba\vendor\codeigniter4\framework\system\CodeIgniter.php(317): CodeIgniter\CodeIgniter->handleRequest(NULL, Object(Config\Cache), false)
#7 C:\xampp\htdocs\cobacoba\public\index.php(37): CodeIgniter\CodeIgniter->run()
#8 C:\xampp\htdocs\cobacoba\vendor\codeigniter4\framework\system\Commands\Server\rewrite.php(43): require_once('C:\\xampp\\htdocs...')
#9 {main}
CRITICAL - 2021-11-08 03:34:28 --> Invalid file: templates/index.php
#0 C:\xampp\htdocs\cobacoba\vendor\codeigniter4\framework\system\View\View.php(198): CodeIgniter\Exceptions\FrameworkException::forInvalidFile('templates/index...')
#1 C:\xampp\htdocs\cobacoba\vendor\codeigniter4\framework\system\View\View.php(230): CodeIgniter\View\View->render('templates/index', Array, true)
#2 C:\xampp\htdocs\cobacoba\vendor\codeigniter4\framework\system\Common.php(1092): CodeIgniter\View\View->render('home/index', Array, true)
#3 C:\xampp\htdocs\cobacoba\app\Controllers\Home.php(9): view('home/index')
#4 C:\xampp\htdocs\cobacoba\vendor\codeigniter4\framework\system\CodeIgniter.php(802): App\Controllers\Home->index()
#5 C:\xampp\htdocs\cobacoba\vendor\codeigniter4\framework\system\CodeIgniter.php(399): CodeIgniter\CodeIgniter->runController(Object(App\Controllers\Home))
#6 C:\xampp\htdocs\cobacoba\vendor\codeigniter4\framework\system\CodeIgniter.php(317): CodeIgniter\CodeIgniter->handleRequest(NULL, Object(Config\Cache), false)
#7 C:\xampp\htdocs\cobacoba\public\index.php(37): CodeIgniter\CodeIgniter->run()
#8 C:\xampp\htdocs\cobacoba\vendor\codeigniter4\framework\system\Commands\Server\rewrite.php(43): require_once('C:\\xampp\\htdocs...')
#9 {main}
CRITICAL - 2021-11-08 03:35:50 --> Invalid file: templates/index.php
#0 C:\xampp\htdocs\cobacoba\vendor\codeigniter4\framework\system\View\View.php(198): CodeIgniter\Exceptions\FrameworkException::forInvalidFile('templates/index...')
#1 C:\xampp\htdocs\cobacoba\vendor\codeigniter4\framework\system\View\View.php(230): CodeIgniter\View\View->render('templates/index', Array, true)
#2 C:\xampp\htdocs\cobacoba\vendor\codeigniter4\framework\system\Common.php(1092): CodeIgniter\View\View->render('home/index', Array, true)
#3 C:\xampp\htdocs\cobacoba\app\Controllers\Home.php(9): view('home/index')
#4 C:\xampp\htdocs\cobacoba\vendor\codeigniter4\framework\system\CodeIgniter.php(802): App\Controllers\Home->index()
#5 C:\xampp\htdocs\cobacoba\vendor\codeigniter4\framework\system\CodeIgniter.php(399): CodeIgniter\CodeIgniter->runController(Object(App\Controllers\Home))
#6 C:\xampp\htdocs\cobacoba\vendor\codeigniter4\framework\system\CodeIgniter.php(317): CodeIgniter\CodeIgniter->handleRequest(NULL, Object(Config\Cache), false)
#7 C:\xampp\htdocs\cobacoba\public\index.php(37): CodeIgniter\CodeIgniter->run()
#8 C:\xampp\htdocs\cobacoba\vendor\codeigniter4\framework\system\Commands\Server\rewrite.php(43): require_once('C:\\xampp\\htdocs...')
#9 {main}
CRITICAL - 2021-11-08 03:36:06 --> Invalid file: templates/index.php
#0 C:\xampp\htdocs\cobacoba\vendor\codeigniter4\framework\system\View\View.php(198): CodeIgniter\Exceptions\FrameworkException::forInvalidFile('templates/index...')
#1 C:\xampp\htdocs\cobacoba\vendor\codeigniter4\framework\system\View\View.php(230): CodeIgniter\View\View->render('templates/index', Array, true)
#2 C:\xampp\htdocs\cobacoba\vendor\codeigniter4\framework\system\Common.php(1092): CodeIgniter\View\View->render('home/index', Array, true)
#3 C:\xampp\htdocs\cobacoba\app\Controllers\Home.php(9): view('home/index')
#4 C:\xampp\htdocs\cobacoba\vendor\codeigniter4\framework\system\CodeIgniter.php(802): App\Controllers\Home->index()
#5 C:\xampp\htdocs\cobacoba\vendor\codeigniter4\framework\system\CodeIgniter.php(399): CodeIgniter\CodeIgniter->runController(Object(App\Controllers\Home))
#6 C:\xampp\htdocs\cobacoba\vendor\codeigniter4\framework\system\CodeIgniter.php(317): CodeIgniter\CodeIgniter->handleRequest(NULL, Object(Config\Cache), false)
#7 C:\xampp\htdocs\cobacoba\public\index.php(37): CodeIgniter\CodeIgniter->run()
#8 C:\xampp\htdocs\cobacoba\vendor\codeigniter4\framework\system\Commands\Server\rewrite.php(43): require_once('C:\\xampp\\htdocs...')
#9 {main}
CRITICAL - 2021-11-08 03:37:12 --> Invalid file: templates/index.php
#0 C:\xampp\htdocs\cobacoba\vendor\codeigniter4\framework\system\View\View.php(198): CodeIgniter\Exceptions\FrameworkException::forInvalidFile('templates/index...')
#1 C:\xampp\htdocs\cobacoba\vendor\codeigniter4\framework\system\View\View.php(230): CodeIgniter\View\View->render('templates/index', Array, true)
#2 C:\xampp\htdocs\cobacoba\vendor\codeigniter4\framework\system\Common.php(1092): CodeIgniter\View\View->render('home/index', Array, true)
#3 C:\xampp\htdocs\cobacoba\app\Controllers\Home.php(9): view('home/index')
#4 C:\xampp\htdocs\cobacoba\vendor\codeigniter4\framework\system\CodeIgniter.php(802): App\Controllers\Home->index()
#5 C:\xampp\htdocs\cobacoba\vendor\codeigniter4\framework\system\CodeIgniter.php(399): CodeIgniter\CodeIgniter->runController(Object(App\Controllers\Home))
#6 C:\xampp\htdocs\cobacoba\vendor\codeigniter4\framework\system\CodeIgniter.php(317): CodeIgniter\CodeIgniter->handleRequest(NULL, Object(Config\Cache), false)
#7 C:\xampp\htdocs\cobacoba\public\index.php(37): CodeIgniter\CodeIgniter->run()
#8 C:\xampp\htdocs\cobacoba\vendor\codeigniter4\framework\system\Commands\Server\rewrite.php(43): require_once('C:\\xampp\\htdocs...')
#9 {main}
CRITICAL - 2021-11-08 03:43:23 --> Invalid file: templates/topbar.php
#0 C:\xampp\htdocs\cobacoba\vendor\codeigniter4\framework\system\View\View.php(198): CodeIgniter\Exceptions\FrameworkException::forInvalidFile('templates/topba...')
#1 C:\xampp\htdocs\cobacoba\vendor\codeigniter4\framework\system\View\View.php(432): CodeIgniter\View\View->render('templates/topba...', NULL, true)
#2 C:\xampp\htdocs\cobacoba\app\Views\home\templates\index.php(1): CodeIgniter\View\View->include('templates/topba...')
#3 C:\xampp\htdocs\cobacoba\vendor\codeigniter4\framework\system\View\View.php(214): include('C:\\xampp\\htdocs...')
#4 C:\xampp\htdocs\cobacoba\vendor\codeigniter4\framework\system\View\View.php(217): CodeIgniter\View\View->CodeIgniter\View\{closure}()
#5 C:\xampp\htdocs\cobacoba\vendor\codeigniter4\framework\system\View\View.php(230): CodeIgniter\View\View->render('home/templates/...', Array, true)
#6 C:\xampp\htdocs\cobacoba\vendor\codeigniter4\framework\system\Common.php(1092): CodeIgniter\View\View->render('home/index', Array, true)
#7 C:\xampp\htdocs\cobacoba\app\Controllers\Home.php(9): view('home/index')
#8 C:\xampp\htdocs\cobacoba\vendor\codeigniter4\framework\system\CodeIgniter.php(802): App\Controllers\Home->index()
#9 C:\xampp\htdocs\cobacoba\vendor\codeigniter4\framework\system\CodeIgniter.php(399): CodeIgniter\CodeIgniter->runController(Object(App\Controllers\Home))
#10 C:\xampp\htdocs\cobacoba\vendor\codeigniter4\framework\system\CodeIgniter.php(317): CodeIgniter\CodeIgniter->handleRequest(NULL, Object(Config\Cache), false)
#11 C:\xampp\htdocs\cobacoba\public\index.php(37): CodeIgniter\CodeIgniter->run()
#12 C:\xampp\htdocs\cobacoba\vendor\codeigniter4\framework\system\Commands\Server\rewrite.php(43): require_once('C:\\xampp\\htdocs...')
#13 {main}
CRITICAL - 2021-11-08 03:43:28 --> Invalid file: templates/index.php
#0 C:\xampp\htdocs\cobacoba\vendor\codeigniter4\framework\system\View\View.php(198): CodeIgniter\Exceptions\FrameworkException::forInvalidFile('templates/index...')
#1 C:\xampp\htdocs\cobacoba\vendor\codeigniter4\framework\system\View\View.php(230): CodeIgniter\View\View->render('templates/index', Array, true)
#2 C:\xampp\htdocs\cobacoba\vendor\codeigniter4\framework\system\Common.php(1092): CodeIgniter\View\View->render('home/index', Array, true)
#3 C:\xampp\htdocs\cobacoba\app\Controllers\Home.php(9): view('home/index')
#4 C:\xampp\htdocs\cobacoba\vendor\codeigniter4\framework\system\CodeIgniter.php(802): App\Controllers\Home->index()
#5 C:\xampp\htdocs\cobacoba\vendor\codeigniter4\framework\system\CodeIgniter.php(399): CodeIgniter\CodeIgniter->runController(Object(App\Controllers\Home))
#6 C:\xampp\htdocs\cobacoba\vendor\codeigniter4\framework\system\CodeIgniter.php(317): CodeIgniter\CodeIgniter->handleRequest(NULL, Object(Config\Cache), false)
#7 C:\xampp\htdocs\cobacoba\public\index.php(37): CodeIgniter\CodeIgniter->run()
#8 C:\xampp\htdocs\cobacoba\vendor\codeigniter4\framework\system\Commands\Server\rewrite.php(43): require_once('C:\\xampp\\htdocs...')
#9 {main}
CRITICAL - 2021-11-08 03:44:39 --> Invalid file: templates/index.php
#0 C:\xampp\htdocs\cobacoba\vendor\codeigniter4\framework\system\View\View.php(198): CodeIgniter\Exceptions\FrameworkException::forInvalidFile('templates/index...')
#1 C:\xampp\htdocs\cobacoba\vendor\codeigniter4\framework\system\View\View.php(230): CodeIgniter\View\View->render('templates/index', Array, true)
#2 C:\xampp\htdocs\cobacoba\vendor\codeigniter4\framework\system\Common.php(1092): CodeIgniter\View\View->render('home/index', Array, true)
#3 C:\xampp\htdocs\cobacoba\app\Controllers\Home.php(9): view('home/index')
#4 C:\xampp\htdocs\cobacoba\vendor\codeigniter4\framework\system\CodeIgniter.php(802): App\Controllers\Home->index()
#5 C:\xampp\htdocs\cobacoba\vendor\codeigniter4\framework\system\CodeIgniter.php(399): CodeIgniter\CodeIgniter->runController(Object(App\Controllers\Home))
#6 C:\xampp\htdocs\cobacoba\vendor\codeigniter4\framework\system\CodeIgniter.php(317): CodeIgniter\CodeIgniter->handleRequest(NULL, Object(Config\Cache), false)
#7 C:\xampp\htdocs\cobacoba\public\index.php(37): CodeIgniter\CodeIgniter->run()
#8 C:\xampp\htdocs\cobacoba\vendor\codeigniter4\framework\system\Commands\Server\rewrite.php(43): require_once('C:\\xampp\\htdocs...')
#9 {main}
CRITICAL - 2021-11-08 03:45:31 --> Invalid file: templates/topbar.php
#0 C:\xampp\htdocs\cobacoba\vendor\codeigniter4\framework\system\View\View.php(198): CodeIgniter\Exceptions\FrameworkException::forInvalidFile('templates/topba...')
#1 C:\xampp\htdocs\cobacoba\vendor\codeigniter4\framework\system\View\View.php(432): CodeIgniter\View\View->render('templates/topba...', NULL, true)
#2 C:\xampp\htdocs\cobacoba\app\Views\home\templates\index.php(1): CodeIgniter\View\View->include('templates/topba...')
#3 C:\xampp\htdocs\cobacoba\vendor\codeigniter4\framework\system\View\View.php(214): include('C:\\xampp\\htdocs...')
#4 C:\xampp\htdocs\cobacoba\vendor\codeigniter4\framework\system\View\View.php(217): CodeIgniter\View\View->CodeIgniter\View\{closure}()
#5 C:\xampp\htdocs\cobacoba\vendor\codeigniter4\framework\system\View\View.php(230): CodeIgniter\View\View->render('home/templates/...', Array, true)
#6 C:\xampp\htdocs\cobacoba\vendor\codeigniter4\framework\system\Common.php(1092): CodeIgniter\View\View->render('home/index', Array, true)
#7 C:\xampp\htdocs\cobacoba\app\Controllers\Home.php(9): view('home/index')
#8 C:\xampp\htdocs\cobacoba\vendor\codeigniter4\framework\system\CodeIgniter.php(802): App\Controllers\Home->index()
#9 C:\xampp\htdocs\cobacoba\vendor\codeigniter4\framework\system\CodeIgniter.php(399): CodeIgniter\CodeIgniter->runController(Object(App\Controllers\Home))
#10 C:\xampp\htdocs\cobacoba\vendor\codeigniter4\framework\system\CodeIgniter.php(317): CodeIgniter\CodeIgniter->handleRequest(NULL, Object(Config\Cache), false)
#11 C:\xampp\htdocs\cobacoba\public\index.php(37): CodeIgniter\CodeIgniter->run()
#12 C:\xampp\htdocs\cobacoba\vendor\codeigniter4\framework\system\Commands\Server\rewrite.php(43): require_once('C:\\xampp\\htdocs...')
#13 {main}
CRITICAL - 2021-11-08 04:01:48 --> Cannot declare class App\Controllers\Home, because the name is already in use
#0 [internal function]: CodeIgniter\Debug\Exceptions->shutdownHandler()
#1 {main}
CRITICAL - 2021-11-08 04:02:09 --> Cannot declare class App\Controllers\Home, because the name is already in use
#0 [internal function]: CodeIgniter\Debug\Exceptions->shutdownHandler()
#1 {main}
CRITICAL - 2021-11-08 04:09:30 --> Undefined variable $title
#0 C:\xampp\htdocs\cobacoba\app\Views\home\templates\topbar.php(9): CodeIgniter\Debug\Exceptions->errorHandler(2, 'Undefined varia...', 'C:\\xampp\\htdocs...', 9)
#1 C:\xampp\htdocs\cobacoba\vendor\codeigniter4\framework\system\View\View.php(214): include('C:\\xampp\\htdocs...')
#2 C:\xampp\htdocs\cobacoba\vendor\codeigniter4\framework\system\View\View.php(217): CodeIgniter\View\View->CodeIgniter\View\{closure}()
#3 C:\xampp\htdocs\cobacoba\vendor\codeigniter4\framework\system\View\View.php(432): CodeIgniter\View\View->render('home/templates/...', NULL, true)
#4 C:\xampp\htdocs\cobacoba\app\Views\home\templates\index.php(1): CodeIgniter\View\View->include('home/templates/...')
#5 C:\xampp\htdocs\cobacoba\vendor\codeigniter4\framework\system\View\View.php(214): include('C:\\xampp\\htdocs...')
#6 C:\xampp\htdocs\cobacoba\vendor\codeigniter4\framework\system\View\View.php(217): CodeIgniter\View\View->CodeIgniter\View\{closure}()
#7 C:\xampp\htdocs\cobacoba\vendor\codeigniter4\framework\system\View\View.php(230): CodeIgniter\View\View->render('home/templates/...', Array, true)
#8 C:\xampp\htdocs\cobacoba\vendor\codeigniter4\framework\system\Common.php(1092): CodeIgniter\View\View->render('home/index', Array, true)
#9 C:\xampp\htdocs\cobacoba\app\Controllers\Home.php(13): view('home/index')
#10 C:\xampp\htdocs\cobacoba\vendor\codeigniter4\framework\system\CodeIgniter.php(802): App\Controllers\Home->index()
#11 C:\xampp\htdocs\cobacoba\vendor\codeigniter4\framework\system\CodeIgniter.php(399): CodeIgniter\CodeIgniter->runController(Object(App\Controllers\Home))
#12 C:\xampp\htdocs\cobacoba\vendor\codeigniter4\framework\system\CodeIgniter.php(317): CodeIgniter\CodeIgniter->handleRequest(NULL, Object(Config\Cache), false)
#13 C:\xampp\htdocs\cobacoba\public\index.php(37): CodeIgniter\CodeIgniter->run()
#14 C:\xampp\htdocs\cobacoba\vendor\codeigniter4\framework\system\Commands\Server\rewrite.php(43): require_once('C:\\xampp\\htdocs...')
#15 {main}
