CRITICAL - 2021-11-09 02:34:27 --> Undefined property: App\Controllers\Register::$input
#0 C:\xampp\htdocs\cobacoba\app\Controllers\Register.php(20): CodeIgniter\Debug\Exceptions->errorHandler(2, 'Undefined prope...', 'C:\\xampp\\htdocs...', 20)
#1 C:\xampp\htdocs\cobacoba\vendor\codeigniter4\framework\system\CodeIgniter.php(802): App\Controllers\Register->register()
#2 C:\xampp\htdocs\cobacoba\vendor\codeigniter4\framework\system\CodeIgniter.php(399): CodeIgniter\CodeIgniter->runController(Object(App\Controllers\Register))
#3 C:\xampp\htdocs\cobacoba\vendor\codeigniter4\framework\system\CodeIgniter.php(317): CodeIgniter\CodeIgniter->handleRequest(NULL, Object(Config\Cache), false)
#4 C:\xampp\htdocs\cobacoba\public\index.php(37): CodeIgniter\CodeIgniter->run()
#5 C:\xampp\htdocs\cobacoba\vendor\codeigniter4\framework\system\Commands\Server\rewrite.php(43): require_once('C:\\xampp\\htdocs...')
#6 {main}
CRITICAL - 2021-11-09 04:03:23 --> Class "app\Models\UserModel" not found
#0 C:\xampp\htdocs\cobacoba\vendor\codeigniter4\framework\system\CodeIgniter.php(779): App\Controllers\Register->__construct()
#1 C:\xampp\htdocs\cobacoba\vendor\codeigniter4\framework\system\CodeIgniter.php(390): CodeIgniter\CodeIgniter->createController()
#2 C:\xampp\htdocs\cobacoba\vendor\codeigniter4\framework\system\CodeIgniter.php(317): CodeIgniter\CodeIgniter->handleRequest(NULL, Object(Config\Cache), false)
#3 C:\xampp\htdocs\cobacoba\public\index.php(37): CodeIgniter\CodeIgniter->run()
#4 C:\xampp\htdocs\cobacoba\vendor\codeigniter4\framework\system\Commands\Server\rewrite.php(43): require_once('C:\\xampp\\htdocs...')
#5 {main}
CRITICAL - 2021-11-09 04:30:32 --> Call to undefined method CodeIgniter\View\View::extends()
#0 C:\xampp\htdocs\cobacoba\vendor\codeigniter4\framework\system\View\View.php(214): include()
#1 C:\xampp\htdocs\cobacoba\vendor\codeigniter4\framework\system\View\View.php(217): CodeIgniter\View\View->CodeIgniter\View\{closure}()
#2 C:\xampp\htdocs\cobacoba\vendor\codeigniter4\framework\system\Common.php(1092): CodeIgniter\View\View->render('dashboard/index', Array, true)
#3 C:\xampp\htdocs\cobacoba\app\Controllers\Dashboard.php(13): view('dashboard/index', Array)
#4 C:\xampp\htdocs\cobacoba\vendor\codeigniter4\framework\system\CodeIgniter.php(802): App\Controllers\Dashboard->index()
#5 C:\xampp\htdocs\cobacoba\vendor\codeigniter4\framework\system\CodeIgniter.php(399): CodeIgniter\CodeIgniter->runController(Object(App\Controllers\Dashboard))
#6 C:\xampp\htdocs\cobacoba\vendor\codeigniter4\framework\system\CodeIgniter.php(317): CodeIgniter\CodeIgniter->handleRequest(NULL, Object(Config\Cache), false)
#7 C:\xampp\htdocs\cobacoba\public\index.php(37): CodeIgniter\CodeIgniter->run()
#8 C:\xampp\htdocs\cobacoba\vendor\codeigniter4\framework\system\Commands\Server\rewrite.php(43): require_once('C:\\xampp\\htdocs...')
#9 {main}
CRITICAL - 2021-11-09 04:39:44 --> Class "app\Models\AuthModel" not found
#0 C:\xampp\htdocs\cobacoba\vendor\codeigniter4\framework\system\CodeIgniter.php(802): App\Controllers\Login->login()
#1 C:\xampp\htdocs\cobacoba\vendor\codeigniter4\framework\system\CodeIgniter.php(399): CodeIgniter\CodeIgniter->runController(Object(App\Controllers\Login))
#2 C:\xampp\htdocs\cobacoba\vendor\codeigniter4\framework\system\CodeIgniter.php(317): CodeIgniter\CodeIgniter->handleRequest(NULL, Object(Config\Cache), false)
#3 C:\xampp\htdocs\cobacoba\public\index.php(37): CodeIgniter\CodeIgniter->run()
#4 C:\xampp\htdocs\cobacoba\vendor\codeigniter4\framework\system\Commands\Server\rewrite.php(43): require_once('C:\\xampp\\htdocs...')
#5 {main}
CRITICAL - 2021-11-09 04:57:36 --> Invalid file: dashboard/templates/sidebar.php
#0 C:\xampp\htdocs\cobacoba\vendor\codeigniter4\framework\system\View\View.php(198): CodeIgniter\Exceptions\FrameworkException::forInvalidFile('dashboard/templ...')
#1 C:\xampp\htdocs\cobacoba\vendor\codeigniter4\framework\system\View\View.php(432): CodeIgniter\View\View->render('dashboard/templ...', NULL, true)
#2 C:\xampp\htdocs\cobacoba\app\Views\dashboard\templates\index.php(1): CodeIgniter\View\View->include('dashboard/templ...')
#3 C:\xampp\htdocs\cobacoba\vendor\codeigniter4\framework\system\View\View.php(214): include('C:\\xampp\\htdocs...')
#4 C:\xampp\htdocs\cobacoba\vendor\codeigniter4\framework\system\View\View.php(217): CodeIgniter\View\View->CodeIgniter\View\{closure}()
#5 C:\xampp\htdocs\cobacoba\vendor\codeigniter4\framework\system\View\View.php(230): CodeIgniter\View\View->render('dashboard/templ...', Array, true)
#6 C:\xampp\htdocs\cobacoba\vendor\codeigniter4\framework\system\Common.php(1092): CodeIgniter\View\View->render('dashboard/index', Array, true)
#7 C:\xampp\htdocs\cobacoba\app\Controllers\Dashboard.php(13): view('dashboard/index', Array)
#8 C:\xampp\htdocs\cobacoba\vendor\codeigniter4\framework\system\CodeIgniter.php(802): App\Controllers\Dashboard->index()
#9 C:\xampp\htdocs\cobacoba\vendor\codeigniter4\framework\system\CodeIgniter.php(399): CodeIgniter\CodeIgniter->runController(Object(App\Controllers\Dashboard))
#10 C:\xampp\htdocs\cobacoba\vendor\codeigniter4\framework\system\CodeIgniter.php(317): CodeIgniter\CodeIgniter->handleRequest(NULL, Object(Config\Cache), false)
#11 C:\xampp\htdocs\cobacoba\public\index.php(37): CodeIgniter\CodeIgniter->run()
#12 C:\xampp\htdocs\cobacoba\vendor\codeigniter4\framework\system\Commands\Server\rewrite.php(43): require_once('C:\\xampp\\htdocs...')
#13 {main}
CRITICAL - 2021-11-09 04:58:01 --> Invalid file: dashboard/templates/sidebar.php
#0 C:\xampp\htdocs\cobacoba\vendor\codeigniter4\framework\system\View\View.php(198): CodeIgniter\Exceptions\FrameworkException::forInvalidFile('dashboard/templ...')
#1 C:\xampp\htdocs\cobacoba\vendor\codeigniter4\framework\system\View\View.php(432): CodeIgniter\View\View->render('dashboard/templ...', NULL, true)
#2 C:\xampp\htdocs\cobacoba\app\Views\dashboard\templates\index.php(1): CodeIgniter\View\View->include('dashboard/templ...')
#3 C:\xampp\htdocs\cobacoba\vendor\codeigniter4\framework\system\View\View.php(214): include('C:\\xampp\\htdocs...')
#4 C:\xampp\htdocs\cobacoba\vendor\codeigniter4\framework\system\View\View.php(217): CodeIgniter\View\View->CodeIgniter\View\{closure}()
#5 C:\xampp\htdocs\cobacoba\vendor\codeigniter4\framework\system\View\View.php(230): CodeIgniter\View\View->render('dashboard/templ...', Array, true)
#6 C:\xampp\htdocs\cobacoba\vendor\codeigniter4\framework\system\Common.php(1092): CodeIgniter\View\View->render('dashboard/index', Array, true)
#7 C:\xampp\htdocs\cobacoba\app\Controllers\Dashboard.php(13): view('dashboard/index', Array)
#8 C:\xampp\htdocs\cobacoba\vendor\codeigniter4\framework\system\CodeIgniter.php(802): App\Controllers\Dashboard->index()
#9 C:\xampp\htdocs\cobacoba\vendor\codeigniter4\framework\system\CodeIgniter.php(399): CodeIgniter\CodeIgniter->runController(Object(App\Controllers\Dashboard))
#10 C:\xampp\htdocs\cobacoba\vendor\codeigniter4\framework\system\CodeIgniter.php(317): CodeIgniter\CodeIgniter->handleRequest(NULL, Object(Config\Cache), false)
#11 C:\xampp\htdocs\cobacoba\public\index.php(37): CodeIgniter\CodeIgniter->run()
#12 C:\xampp\htdocs\cobacoba\vendor\codeigniter4\framework\system\Commands\Server\rewrite.php(43): require_once('C:\\xampp\\htdocs...')
#13 {main}
CRITICAL - 2021-11-09 04:58:25 --> Invalid file: dashboard/templates/sidebar.php
#0 C:\xampp\htdocs\cobacoba\vendor\codeigniter4\framework\system\View\View.php(198): CodeIgniter\Exceptions\FrameworkException::forInvalidFile('dashboard/templ...')
#1 C:\xampp\htdocs\cobacoba\vendor\codeigniter4\framework\system\View\View.php(432): CodeIgniter\View\View->render('dashboard/templ...', NULL, true)
#2 C:\xampp\htdocs\cobacoba\app\Views\dashboard\templates\index.php(1): CodeIgniter\View\View->include('dashboard/templ...')
#3 C:\xampp\htdocs\cobacoba\vendor\codeigniter4\framework\system\View\View.php(214): include('C:\\xampp\\htdocs...')
#4 C:\xampp\htdocs\cobacoba\vendor\codeigniter4\framework\system\View\View.php(217): CodeIgniter\View\View->CodeIgniter\View\{closure}()
#5 C:\xampp\htdocs\cobacoba\vendor\codeigniter4\framework\system\View\View.php(230): CodeIgniter\View\View->render('dashboard/templ...', Array, true)
#6 C:\xampp\htdocs\cobacoba\vendor\codeigniter4\framework\system\Common.php(1092): CodeIgniter\View\View->render('dashboard/index', Array, true)
#7 C:\xampp\htdocs\cobacoba\app\Controllers\Dashboard.php(13): view('dashboard/index', Array)
#8 C:\xampp\htdocs\cobacoba\vendor\codeigniter4\framework\system\CodeIgniter.php(802): App\Controllers\Dashboard->index()
#9 C:\xampp\htdocs\cobacoba\vendor\codeigniter4\framework\system\CodeIgniter.php(399): CodeIgniter\CodeIgniter->runController(Object(App\Controllers\Dashboard))
#10 C:\xampp\htdocs\cobacoba\vendor\codeigniter4\framework\system\CodeIgniter.php(317): CodeIgniter\CodeIgniter->handleRequest(NULL, Object(Config\Cache), false)
#11 C:\xampp\htdocs\cobacoba\public\index.php(37): CodeIgniter\CodeIgniter->run()
#12 C:\xampp\htdocs\cobacoba\vendor\codeigniter4\framework\system\Commands\Server\rewrite.php(43): require_once('C:\\xampp\\htdocs...')
#13 {main}
CRITICAL - 2021-11-09 04:58:26 --> Invalid file: dashboard/templates/sidebar.php
#0 C:\xampp\htdocs\cobacoba\vendor\codeigniter4\framework\system\View\View.php(198): CodeIgniter\Exceptions\FrameworkException::forInvalidFile('dashboard/templ...')
#1 C:\xampp\htdocs\cobacoba\vendor\codeigniter4\framework\system\View\View.php(432): CodeIgniter\View\View->render('dashboard/templ...', NULL, true)
#2 C:\xampp\htdocs\cobacoba\app\Views\dashboard\templates\index.php(1): CodeIgniter\View\View->include('dashboard/templ...')
#3 C:\xampp\htdocs\cobacoba\vendor\codeigniter4\framework\system\View\View.php(214): include('C:\\xampp\\htdocs...')
#4 C:\xampp\htdocs\cobacoba\vendor\codeigniter4\framework\system\View\View.php(217): CodeIgniter\View\View->CodeIgniter\View\{closure}()
#5 C:\xampp\htdocs\cobacoba\vendor\codeigniter4\framework\system\View\View.php(230): CodeIgniter\View\View->render('dashboard/templ...', Array, true)
#6 C:\xampp\htdocs\cobacoba\vendor\codeigniter4\framework\system\Common.php(1092): CodeIgniter\View\View->render('dashboard/index', Array, true)
#7 C:\xampp\htdocs\cobacoba\app\Controllers\Dashboard.php(13): view('dashboard/index', Array)
#8 C:\xampp\htdocs\cobacoba\vendor\codeigniter4\framework\system\CodeIgniter.php(802): App\Controllers\Dashboard->index()
#9 C:\xampp\htdocs\cobacoba\vendor\codeigniter4\framework\system\CodeIgniter.php(399): CodeIgniter\CodeIgniter->runController(Object(App\Controllers\Dashboard))
#10 C:\xampp\htdocs\cobacoba\vendor\codeigniter4\framework\system\CodeIgniter.php(317): CodeIgniter\CodeIgniter->handleRequest(NULL, Object(Config\Cache), false)
#11 C:\xampp\htdocs\cobacoba\public\index.php(37): CodeIgniter\CodeIgniter->run()
#12 C:\xampp\htdocs\cobacoba\vendor\codeigniter4\framework\system\Commands\Server\rewrite.php(43): require_once('C:\\xampp\\htdocs...')
#13 {main}
CRITICAL - 2021-11-09 04:58:32 --> Invalid file: dashboard/templates/sidebar.php
#0 C:\xampp\htdocs\cobacoba\vendor\codeigniter4\framework\system\View\View.php(198): CodeIgniter\Exceptions\FrameworkException::forInvalidFile('dashboard/templ...')
#1 C:\xampp\htdocs\cobacoba\vendor\codeigniter4\framework\system\View\View.php(432): CodeIgniter\View\View->render('dashboard/templ...', NULL, true)
#2 C:\xampp\htdocs\cobacoba\app\Views\dashboard\templates\index.php(1): CodeIgniter\View\View->include('dashboard/templ...')
#3 C:\xampp\htdocs\cobacoba\vendor\codeigniter4\framework\system\View\View.php(214): include('C:\\xampp\\htdocs...')
#4 C:\xampp\htdocs\cobacoba\vendor\codeigniter4\framework\system\View\View.php(217): CodeIgniter\View\View->CodeIgniter\View\{closure}()
#5 C:\xampp\htdocs\cobacoba\vendor\codeigniter4\framework\system\View\View.php(230): CodeIgniter\View\View->render('dashboard/templ...', Array, true)
#6 C:\xampp\htdocs\cobacoba\vendor\codeigniter4\framework\system\Common.php(1092): CodeIgniter\View\View->render('dashboard/index', Array, true)
#7 C:\xampp\htdocs\cobacoba\app\Controllers\Dashboard.php(13): view('dashboard/index', Array)
#8 C:\xampp\htdocs\cobacoba\vendor\codeigniter4\framework\system\CodeIgniter.php(802): App\Controllers\Dashboard->index()
#9 C:\xampp\htdocs\cobacoba\vendor\codeigniter4\framework\system\CodeIgniter.php(399): CodeIgniter\CodeIgniter->runController(Object(App\Controllers\Dashboard))
#10 C:\xampp\htdocs\cobacoba\vendor\codeigniter4\framework\system\CodeIgniter.php(317): CodeIgniter\CodeIgniter->handleRequest(NULL, Object(Config\Cache), false)
#11 C:\xampp\htdocs\cobacoba\public\index.php(37): CodeIgniter\CodeIgniter->run()
#12 C:\xampp\htdocs\cobacoba\vendor\codeigniter4\framework\system\Commands\Server\rewrite.php(43): require_once('C:\\xampp\\htdocs...')
#13 {main}
CRITICAL - 2021-11-09 05:00:23 --> Invalid file: dashboard/templates/sidebar.php
#0 C:\xampp\htdocs\cobacoba\vendor\codeigniter4\framework\system\View\View.php(198): CodeIgniter\Exceptions\FrameworkException::forInvalidFile('dashboard/templ...')
#1 C:\xampp\htdocs\cobacoba\vendor\codeigniter4\framework\system\View\View.php(432): CodeIgniter\View\View->render('dashboard/templ...', NULL, true)
#2 C:\xampp\htdocs\cobacoba\app\Views\dashboard\templates\index.php(1): CodeIgniter\View\View->include('dashboard/templ...')
#3 C:\xampp\htdocs\cobacoba\vendor\codeigniter4\framework\system\View\View.php(214): include('C:\\xampp\\htdocs...')
#4 C:\xampp\htdocs\cobacoba\vendor\codeigniter4\framework\system\View\View.php(217): CodeIgniter\View\View->CodeIgniter\View\{closure}()
#5 C:\xampp\htdocs\cobacoba\vendor\codeigniter4\framework\system\View\View.php(230): CodeIgniter\View\View->render('dashboard/templ...', Array, true)
#6 C:\xampp\htdocs\cobacoba\vendor\codeigniter4\framework\system\Common.php(1092): CodeIgniter\View\View->render('dashboard/index', Array, true)
#7 C:\xampp\htdocs\cobacoba\app\Controllers\Dashboard.php(13): view('dashboard/index', Array)
#8 C:\xampp\htdocs\cobacoba\vendor\codeigniter4\framework\system\CodeIgniter.php(802): App\Controllers\Dashboard->index()
#9 C:\xampp\htdocs\cobacoba\vendor\codeigniter4\framework\system\CodeIgniter.php(399): CodeIgniter\CodeIgniter->runController(Object(App\Controllers\Dashboard))
#10 C:\xampp\htdocs\cobacoba\vendor\codeigniter4\framework\system\CodeIgniter.php(317): CodeIgniter\CodeIgniter->handleRequest(NULL, Object(Config\Cache), false)
#11 C:\xampp\htdocs\cobacoba\public\index.php(37): CodeIgniter\CodeIgniter->run()
#12 C:\xampp\htdocs\cobacoba\vendor\codeigniter4\framework\system\Commands\Server\rewrite.php(43): require_once('C:\\xampp\\htdocs...')
#13 {main}
CRITICAL - 2021-11-09 07:35:12 --> Undefined property: App\Controllers\Dashboard::$UserModel
#0 C:\xampp\htdocs\cobacoba\app\Controllers\Dashboard.php(26): CodeIgniter\Debug\Exceptions->errorHandler(2, 'Undefined prope...', 'C:\\xampp\\htdocs...', 26)
#1 C:\xampp\htdocs\cobacoba\vendor\codeigniter4\framework\system\CodeIgniter.php(802): App\Controllers\Dashboard->user()
#2 C:\xampp\htdocs\cobacoba\vendor\codeigniter4\framework\system\CodeIgniter.php(399): CodeIgniter\CodeIgniter->runController(Object(App\Controllers\Dashboard))
#3 C:\xampp\htdocs\cobacoba\vendor\codeigniter4\framework\system\CodeIgniter.php(317): CodeIgniter\CodeIgniter->handleRequest(NULL, Object(Config\Cache), false)
#4 C:\xampp\htdocs\cobacoba\public\index.php(37): CodeIgniter\CodeIgniter->run()
#5 C:\xampp\htdocs\cobacoba\vendor\codeigniter4\framework\system\Commands\Server\rewrite.php(43): require_once('C:\\xampp\\htdocs...')
#6 {main}
CRITICAL - 2021-11-09 08:35:22 --> Too few arguments to function App\Controllers\Dashboard::user(), 0 passed in C:\xampp\htdocs\cobacoba\vendor\codeigniter4\framework\system\CodeIgniter.php on line 802 and exactly 1 expected
#0 C:\xampp\htdocs\cobacoba\vendor\codeigniter4\framework\system\CodeIgniter.php(802): App\Controllers\Dashboard->user()
#1 C:\xampp\htdocs\cobacoba\vendor\codeigniter4\framework\system\CodeIgniter.php(399): CodeIgniter\CodeIgniter->runController(Object(App\Controllers\Dashboard))
#2 C:\xampp\htdocs\cobacoba\vendor\codeigniter4\framework\system\CodeIgniter.php(317): CodeIgniter\CodeIgniter->handleRequest(NULL, Object(Config\Cache), false)
#3 C:\xampp\htdocs\cobacoba\public\index.php(37): CodeIgniter\CodeIgniter->run()
#4 C:\xampp\htdocs\cobacoba\vendor\codeigniter4\framework\system\Commands\Server\rewrite.php(43): require_once('C:\\xampp\\htdocs...')
#5 {main}
CRITICAL - 2021-11-09 08:38:33 --> Too few arguments to function App\Controllers\Dashboard::user(), 0 passed in C:\xampp\htdocs\cobacoba\vendor\codeigniter4\framework\system\CodeIgniter.php on line 802 and exactly 1 expected
#0 C:\xampp\htdocs\cobacoba\vendor\codeigniter4\framework\system\CodeIgniter.php(802): App\Controllers\Dashboard->user()
#1 C:\xampp\htdocs\cobacoba\vendor\codeigniter4\framework\system\CodeIgniter.php(399): CodeIgniter\CodeIgniter->runController(Object(App\Controllers\Dashboard))
#2 C:\xampp\htdocs\cobacoba\vendor\codeigniter4\framework\system\CodeIgniter.php(317): CodeIgniter\CodeIgniter->handleRequest(NULL, Object(Config\Cache), false)
#3 C:\xampp\htdocs\cobacoba\public\index.php(37): CodeIgniter\CodeIgniter->run()
#4 C:\xampp\htdocs\cobacoba\vendor\codeigniter4\framework\system\Commands\Server\rewrite.php(43): require_once('C:\\xampp\\htdocs...')
#5 {main}
CRITICAL - 2021-11-09 08:43:15 --> Too few arguments to function App\Controllers\Dashboard::user(), 0 passed in C:\xampp\htdocs\cobacoba\vendor\codeigniter4\framework\system\CodeIgniter.php on line 802 and exactly 1 expected
#0 C:\xampp\htdocs\cobacoba\vendor\codeigniter4\framework\system\CodeIgniter.php(802): App\Controllers\Dashboard->user()
#1 C:\xampp\htdocs\cobacoba\vendor\codeigniter4\framework\system\CodeIgniter.php(399): CodeIgniter\CodeIgniter->runController(Object(App\Controllers\Dashboard))
#2 C:\xampp\htdocs\cobacoba\vendor\codeigniter4\framework\system\CodeIgniter.php(317): CodeIgniter\CodeIgniter->handleRequest(NULL, Object(Config\Cache), false)
#3 C:\xampp\htdocs\cobacoba\public\index.php(37): CodeIgniter\CodeIgniter->run()
#4 C:\xampp\htdocs\cobacoba\vendor\codeigniter4\framework\system\Commands\Server\rewrite.php(43): require_once('C:\\xampp\\htdocs...')
#5 {main}
CRITICAL - 2021-11-09 08:49:47 --> Too few arguments to function App\Controllers\Dashboard::user(), 0 passed in C:\xampp\htdocs\cobacoba\vendor\codeigniter4\framework\system\CodeIgniter.php on line 802 and exactly 1 expected
#0 C:\xampp\htdocs\cobacoba\vendor\codeigniter4\framework\system\CodeIgniter.php(802): App\Controllers\Dashboard->user()
#1 C:\xampp\htdocs\cobacoba\vendor\codeigniter4\framework\system\CodeIgniter.php(399): CodeIgniter\CodeIgniter->runController(Object(App\Controllers\Dashboard))
#2 C:\xampp\htdocs\cobacoba\vendor\codeigniter4\framework\system\CodeIgniter.php(317): CodeIgniter\CodeIgniter->handleRequest(NULL, Object(Config\Cache), false)
#3 C:\xampp\htdocs\cobacoba\public\index.php(37): CodeIgniter\CodeIgniter->run()
#4 C:\xampp\htdocs\cobacoba\vendor\codeigniter4\framework\system\Commands\Server\rewrite.php(43): require_once('C:\\xampp\\htdocs...')
#5 {main}
CRITICAL - 2021-11-09 08:53:56 --> Too few arguments to function App\Controllers\Dashboard::user(), 0 passed in C:\xampp\htdocs\cobacoba\vendor\codeigniter4\framework\system\CodeIgniter.php on line 802 and exactly 1 expected
#0 C:\xampp\htdocs\cobacoba\vendor\codeigniter4\framework\system\CodeIgniter.php(802): App\Controllers\Dashboard->user()
#1 C:\xampp\htdocs\cobacoba\vendor\codeigniter4\framework\system\CodeIgniter.php(399): CodeIgniter\CodeIgniter->runController(Object(App\Controllers\Dashboard))
#2 C:\xampp\htdocs\cobacoba\vendor\codeigniter4\framework\system\CodeIgniter.php(317): CodeIgniter\CodeIgniter->handleRequest(NULL, Object(Config\Cache), false)
#3 C:\xampp\htdocs\cobacoba\public\index.php(37): CodeIgniter\CodeIgniter->run()
#4 C:\xampp\htdocs\cobacoba\vendor\codeigniter4\framework\system\Commands\Server\rewrite.php(43): require_once('C:\\xampp\\htdocs...')
#5 {main}
CRITICAL - 2021-11-09 08:54:02 --> syntax error, unexpected identifier "asdasd", expecting "]"
#0 C:\xampp\htdocs\cobacoba\vendor\codeigniter4\framework\system\Autoloader\Autoloader.php(241): CodeIgniter\Autoloader\Autoloader->includeFile('C:\\xampp\\htdocs...')
#1 C:\xampp\htdocs\cobacoba\vendor\codeigniter4\framework\system\Autoloader\Autoloader.php(219): CodeIgniter\Autoloader\Autoloader->loadInNamespace('App\\Controllers...')
#2 [internal function]: CodeIgniter\Autoloader\Autoloader->loadClass('App\\Controllers...')
#3 C:\xampp\htdocs\cobacoba\vendor\codeigniter4\framework\system\CodeIgniter.php(767): class_exists('\\App\\Controller...', true)
#4 C:\xampp\htdocs\cobacoba\vendor\codeigniter4\framework\system\CodeIgniter.php(386): CodeIgniter\CodeIgniter->startController()
#5 C:\xampp\htdocs\cobacoba\vendor\codeigniter4\framework\system\CodeIgniter.php(317): CodeIgniter\CodeIgniter->handleRequest(NULL, Object(Config\Cache), false)
#6 C:\xampp\htdocs\cobacoba\public\index.php(37): CodeIgniter\CodeIgniter->run()
#7 C:\xampp\htdocs\cobacoba\vendor\codeigniter4\framework\system\Commands\Server\rewrite.php(43): require_once('C:\\xampp\\htdocs...')
#8 {main}
CRITICAL - 2021-11-09 08:54:28 --> Too few arguments to function App\Controllers\Dashboard::user(), 0 passed in C:\xampp\htdocs\cobacoba\vendor\codeigniter4\framework\system\CodeIgniter.php on line 802 and exactly 1 expected
#0 C:\xampp\htdocs\cobacoba\vendor\codeigniter4\framework\system\CodeIgniter.php(802): App\Controllers\Dashboard->user()
#1 C:\xampp\htdocs\cobacoba\vendor\codeigniter4\framework\system\CodeIgniter.php(399): CodeIgniter\CodeIgniter->runController(Object(App\Controllers\Dashboard))
#2 C:\xampp\htdocs\cobacoba\vendor\codeigniter4\framework\system\CodeIgniter.php(317): CodeIgniter\CodeIgniter->handleRequest(NULL, Object(Config\Cache), false)
#3 C:\xampp\htdocs\cobacoba\public\index.php(37): CodeIgniter\CodeIgniter->run()
#4 C:\xampp\htdocs\cobacoba\vendor\codeigniter4\framework\system\Commands\Server\rewrite.php(43): require_once('C:\\xampp\\htdocs...')
#5 {main}
CRITICAL - 2021-11-09 09:00:19 --> Too few arguments to function App\Controllers\Dashboard::user(), 0 passed in C:\xampp\htdocs\cobacoba\vendor\codeigniter4\framework\system\CodeIgniter.php on line 802 and exactly 1 expected
#0 C:\xampp\htdocs\cobacoba\vendor\codeigniter4\framework\system\CodeIgniter.php(802): App\Controllers\Dashboard->user()
#1 C:\xampp\htdocs\cobacoba\vendor\codeigniter4\framework\system\CodeIgniter.php(399): CodeIgniter\CodeIgniter->runController(Object(App\Controllers\Dashboard))
#2 C:\xampp\htdocs\cobacoba\vendor\codeigniter4\framework\system\CodeIgniter.php(317): CodeIgniter\CodeIgniter->handleRequest(NULL, Object(Config\Cache), false)
#3 C:\xampp\htdocs\cobacoba\public\index.php(37): CodeIgniter\CodeIgniter->run()
#4 C:\xampp\htdocs\cobacoba\vendor\codeigniter4\framework\system\Commands\Server\rewrite.php(43): require_once('C:\\xampp\\htdocs...')
#5 {main}
CRITICAL - 2021-11-09 09:01:20 --> Too few arguments to function App\Controllers\Dashboard::user(), 0 passed in C:\xampp\htdocs\cobacoba\vendor\codeigniter4\framework\system\CodeIgniter.php on line 802 and exactly 1 expected
#0 C:\xampp\htdocs\cobacoba\vendor\codeigniter4\framework\system\CodeIgniter.php(802): App\Controllers\Dashboard->user()
#1 C:\xampp\htdocs\cobacoba\vendor\codeigniter4\framework\system\CodeIgniter.php(399): CodeIgniter\CodeIgniter->runController(Object(App\Controllers\Dashboard))
#2 C:\xampp\htdocs\cobacoba\vendor\codeigniter4\framework\system\CodeIgniter.php(317): CodeIgniter\CodeIgniter->handleRequest(NULL, Object(Config\Cache), false)
#3 C:\xampp\htdocs\cobacoba\public\index.php(37): CodeIgniter\CodeIgniter->run()
#4 C:\xampp\htdocs\cobacoba\vendor\codeigniter4\framework\system\Commands\Server\rewrite.php(43): require_once('C:\\xampp\\htdocs...')
#5 {main}
CRITICAL - 2021-11-09 09:01:53 --> Too few arguments to function App\Controllers\Dashboard::user(), 0 passed in C:\xampp\htdocs\cobacoba\vendor\codeigniter4\framework\system\CodeIgniter.php on line 802 and exactly 1 expected
#0 C:\xampp\htdocs\cobacoba\vendor\codeigniter4\framework\system\CodeIgniter.php(802): App\Controllers\Dashboard->user()
#1 C:\xampp\htdocs\cobacoba\vendor\codeigniter4\framework\system\CodeIgniter.php(399): CodeIgniter\CodeIgniter->runController(Object(App\Controllers\Dashboard))
#2 C:\xampp\htdocs\cobacoba\vendor\codeigniter4\framework\system\CodeIgniter.php(317): CodeIgniter\CodeIgniter->handleRequest(NULL, Object(Config\Cache), false)
#3 C:\xampp\htdocs\cobacoba\public\index.php(37): CodeIgniter\CodeIgniter->run()
#4 C:\xampp\htdocs\cobacoba\vendor\codeigniter4\framework\system\Commands\Server\rewrite.php(43): require_once('C:\\xampp\\htdocs...')
#5 {main}
CRITICAL - 2021-11-09 09:02:00 --> Undefined array key "level"
#0 C:\xampp\htdocs\cobacoba\app\Views\dashboard\user.php(28): CodeIgniter\Debug\Exceptions->errorHandler(2, 'Undefined array...', 'C:\\xampp\\htdocs...', 28)
#1 C:\xampp\htdocs\cobacoba\vendor\codeigniter4\framework\system\View\View.php(214): include('C:\\xampp\\htdocs...')
#2 C:\xampp\htdocs\cobacoba\vendor\codeigniter4\framework\system\View\View.php(217): CodeIgniter\View\View->CodeIgniter\View\{closure}()
#3 C:\xampp\htdocs\cobacoba\vendor\codeigniter4\framework\system\Common.php(1092): CodeIgniter\View\View->render('dashboard/user', Array, true)
#4 C:\xampp\htdocs\cobacoba\app\Controllers\Dashboard.php(35): view('dashboard/user', Array)
#5 C:\xampp\htdocs\cobacoba\vendor\codeigniter4\framework\system\CodeIgniter.php(802): App\Controllers\Dashboard->user()
#6 C:\xampp\htdocs\cobacoba\vendor\codeigniter4\framework\system\CodeIgniter.php(399): CodeIgniter\CodeIgniter->runController(Object(App\Controllers\Dashboard))
#7 C:\xampp\htdocs\cobacoba\vendor\codeigniter4\framework\system\CodeIgniter.php(317): CodeIgniter\CodeIgniter->handleRequest(NULL, Object(Config\Cache), false)
#8 C:\xampp\htdocs\cobacoba\public\index.php(37): CodeIgniter\CodeIgniter->run()
#9 C:\xampp\htdocs\cobacoba\vendor\codeigniter4\framework\system\Commands\Server\rewrite.php(43): require_once('C:\\xampp\\htdocs...')
#10 {main}
CRITICAL - 2021-11-09 09:05:53 --> Unclosed '{' on line 28
#0 C:\xampp\htdocs\cobacoba\vendor\codeigniter4\framework\system\View\View.php(217): CodeIgniter\View\View->CodeIgniter\View\{closure}()
#1 C:\xampp\htdocs\cobacoba\vendor\codeigniter4\framework\system\Common.php(1092): CodeIgniter\View\View->render('dashboard/user', Array, true)
#2 C:\xampp\htdocs\cobacoba\app\Controllers\Dashboard.php(35): view('dashboard/user', Array)
#3 C:\xampp\htdocs\cobacoba\vendor\codeigniter4\framework\system\CodeIgniter.php(802): App\Controllers\Dashboard->user()
#4 C:\xampp\htdocs\cobacoba\vendor\codeigniter4\framework\system\CodeIgniter.php(399): CodeIgniter\CodeIgniter->runController(Object(App\Controllers\Dashboard))
#5 C:\xampp\htdocs\cobacoba\vendor\codeigniter4\framework\system\CodeIgniter.php(317): CodeIgniter\CodeIgniter->handleRequest(NULL, Object(Config\Cache), false)
#6 C:\xampp\htdocs\cobacoba\public\index.php(37): CodeIgniter\CodeIgniter->run()
#7 C:\xampp\htdocs\cobacoba\vendor\codeigniter4\framework\system\Commands\Server\rewrite.php(43): require_once('C:\\xampp\\htdocs...')
#8 {main}
CRITICAL - 2021-11-09 09:09:06 --> Undefined variable $u
#0 C:\xampp\htdocs\cobacoba\app\Views\dashboard\user.php(30): CodeIgniter\Debug\Exceptions->errorHandler(2, 'Undefined varia...', 'C:\\xampp\\htdocs...', 30)
#1 C:\xampp\htdocs\cobacoba\vendor\codeigniter4\framework\system\View\View.php(214): include('C:\\xampp\\htdocs...')
#2 C:\xampp\htdocs\cobacoba\vendor\codeigniter4\framework\system\View\View.php(217): CodeIgniter\View\View->CodeIgniter\View\{closure}()
#3 C:\xampp\htdocs\cobacoba\vendor\codeigniter4\framework\system\Common.php(1092): CodeIgniter\View\View->render('dashboard/user', Array, true)
#4 C:\xampp\htdocs\cobacoba\app\Controllers\Dashboard.php(35): view('dashboard/user', Array)
#5 C:\xampp\htdocs\cobacoba\vendor\codeigniter4\framework\system\CodeIgniter.php(802): App\Controllers\Dashboard->user()
#6 C:\xampp\htdocs\cobacoba\vendor\codeigniter4\framework\system\CodeIgniter.php(399): CodeIgniter\CodeIgniter->runController(Object(App\Controllers\Dashboard))
#7 C:\xampp\htdocs\cobacoba\vendor\codeigniter4\framework\system\CodeIgniter.php(317): CodeIgniter\CodeIgniter->handleRequest(NULL, Object(Config\Cache), false)
#8 C:\xampp\htdocs\cobacoba\public\index.php(37): CodeIgniter\CodeIgniter->run()
#9 C:\xampp\htdocs\cobacoba\vendor\codeigniter4\framework\system\Commands\Server\rewrite.php(43): require_once('C:\\xampp\\htdocs...')
#10 {main}
CRITICAL - 2021-11-09 09:13:05 --> Unclosed '{' on line 27
#0 C:\xampp\htdocs\cobacoba\vendor\codeigniter4\framework\system\View\View.php(217): CodeIgniter\View\View->CodeIgniter\View\{closure}()
#1 C:\xampp\htdocs\cobacoba\vendor\codeigniter4\framework\system\Common.php(1092): CodeIgniter\View\View->render('dashboard/user', Array, true)
#2 C:\xampp\htdocs\cobacoba\app\Controllers\Dashboard.php(35): view('dashboard/user', Array)
#3 C:\xampp\htdocs\cobacoba\vendor\codeigniter4\framework\system\CodeIgniter.php(802): App\Controllers\Dashboard->user()
#4 C:\xampp\htdocs\cobacoba\vendor\codeigniter4\framework\system\CodeIgniter.php(399): CodeIgniter\CodeIgniter->runController(Object(App\Controllers\Dashboard))
#5 C:\xampp\htdocs\cobacoba\vendor\codeigniter4\framework\system\CodeIgniter.php(317): CodeIgniter\CodeIgniter->handleRequest(NULL, Object(Config\Cache), false)
#6 C:\xampp\htdocs\cobacoba\public\index.php(37): CodeIgniter\CodeIgniter->run()
#7 C:\xampp\htdocs\cobacoba\vendor\codeigniter4\framework\system\Commands\Server\rewrite.php(43): require_once('C:\\xampp\\htdocs...')
#8 {main}
CRITICAL - 2021-11-09 09:13:17 --> Unclosed '{' on line 27
#0 C:\xampp\htdocs\cobacoba\vendor\codeigniter4\framework\system\View\View.php(217): CodeIgniter\View\View->CodeIgniter\View\{closure}()
#1 C:\xampp\htdocs\cobacoba\vendor\codeigniter4\framework\system\Common.php(1092): CodeIgniter\View\View->render('dashboard/user', Array, true)
#2 C:\xampp\htdocs\cobacoba\app\Controllers\Dashboard.php(35): view('dashboard/user', Array)
#3 C:\xampp\htdocs\cobacoba\vendor\codeigniter4\framework\system\CodeIgniter.php(802): App\Controllers\Dashboard->user()
#4 C:\xampp\htdocs\cobacoba\vendor\codeigniter4\framework\system\CodeIgniter.php(399): CodeIgniter\CodeIgniter->runController(Object(App\Controllers\Dashboard))
#5 C:\xampp\htdocs\cobacoba\vendor\codeigniter4\framework\system\CodeIgniter.php(317): CodeIgniter\CodeIgniter->handleRequest(NULL, Object(Config\Cache), false)
#6 C:\xampp\htdocs\cobacoba\public\index.php(37): CodeIgniter\CodeIgniter->run()
#7 C:\xampp\htdocs\cobacoba\vendor\codeigniter4\framework\system\Commands\Server\rewrite.php(43): require_once('C:\\xampp\\htdocs...')
#8 {main}
